# JRE version: Java(TM) SE Runtime Environment (7.0_51-b13) (build 1.7.0_51-b13)
# Java VM: Java HotSpot(TM) 64-Bit Server VM (24.51-b03 mixed mode bsd-amd64 compressed oops)
Heap
 PSYoungGen      total 142848K, used 65647K [0x00000007aaa80000, 0x00000007b4080000, 0x0000000800000000)
  eden space 132096K, 42% used [0x00000007aaa80000,0x00000007ae0e03e8,0x00000007b2b80000)
  from space 10752K, 92% used [0x00000007b3600000,0x00000007b3fbb8b0,0x00000007b4080000)
  to   space 10752K, 0% used [0x00000007b2b80000,0x00000007b2b80000,0x00000007b3600000)
 ParOldGen       total 174592K, used 105526K [0x0000000700000000, 0x000000070aa80000, 0x00000007aaa80000)
  object space 174592K, 60% used [0x0000000700000000,0x000000070670d848,0x000000070aa80000)
 PSPermGen       total 21504K, used 9000K [0x00000006fae00000, 0x00000006fc300000, 0x0000000700000000)
  object space 21504K, 41% used [0x00000006fae00000,0x00000006fb6ca388,0x00000006fc300000)
GC Heap History (8 events):
Event: 3.856 GC heap before
{Heap before GC invocations=1 (full 0):
 PSYoungGen      total 76800K, used 66048K [0x00000007aaa80000, 0x00000007b0000000, 0x0000000800000000)
  eden space 66048K, 100% used [0x00000007aaa80000,0x00000007aeb00000,0x00000007aeb00000)
  from space 10752K, 0% used [0x00000007af580000,0x00000007af580000,0x00000007b0000000)
  to   space 10752K, 0% used [0x00000007aeb00000,0x00000007aeb00000,0x00000007af580000)
 ParOldGen       total 174592K, used 0K [0x0000000700000000, 0x000000070aa80000, 0x00000007aaa80000)
  object space 174592K, 0% used [0x0000000700000000,0x0000000700000000,0x000000070aa80000)
 PSPermGen       total 21504K, used 8997K [0x00000006fae00000, 0x00000006fc300000, 0x0000000700000000)
  object space 21504K, 41% used [0x00000006fae00000,0x00000006fb6c9520,0x00000006fc300000)
Event: 3.870 GC heap after
Heap after GC invocations=1 (full 0):
 PSYoungGen      total 76800K, used 10740K [0x00000007aaa80000, 0x00000007b0000000, 0x0000000800000000)
  eden space 66048K, 0% used [0x00000007aaa80000,0x00000007aaa80000,0x00000007aeb00000)
  from space 10752K, 99% used [0x00000007aeb00000,0x00000007af57d290,0x00000007af580000)
  to   space 10752K, 0% used [0x00000007af580000,0x00000007af580000,0x00000007b0000000)
 ParOldGen       total 174592K, used 26775K [0x0000000700000000, 0x000000070aa80000, 0x00000007aaa80000)
  object space 174592K, 15% used [0x0000000700000000,0x0000000701a25eb8,0x000000070aa80000)
 PSPermGen       total 21504K, used 8997K [0x00000006fae00000, 0x00000006fc300000, 0x0000000700000000)
  object space 21504K, 41% used [0x00000006fae00000,0x00000006fb6c9520,0x00000006fc300000)
}
Event: 4.205 GC heap before
{Heap before GC invocations=2 (full 0):
 PSYoungGen      total 76800K, used 76788K [0x00000007aaa80000, 0x00000007b0000000, 0x0000000800000000)
  eden space 66048K, 100% used [0x00000007aaa80000,0x00000007aeb00000,0x00000007aeb00000)
  from space 10752K, 99% used [0x00000007aeb00000,0x00000007af57d290,0x00000007af580000)
  to   space 10752K, 0% used [0x00000007af580000,0x00000007af580000,0x00000007b0000000)
 ParOldGen       total 174592K, used 26775K [0x0000000700000000, 0x000000070aa80000, 0x00000007aaa80000)
  object space 174592K, 15% used [0x0000000700000000,0x0000000701a25eb8,0x000000070aa80000)
 PSPermGen       total 21504K, used 8997K [0x00000006fae00000, 0x00000006fc300000, 0x0000000700000000)
  object space 21504K, 41% used [0x00000006fae00000,0x00000006fb6c9760,0x00000006fc300000)
Event: 4.224 GC heap after
Heap after GC invocations=2 (full 0):
 PSYoungGen      total 76800K, used 9972K [0x00000007aaa80000, 0x00000007b4080000, 0x0000000800000000)
  eden space 66048K, 0% used [0x00000007aaa80000,0x00000007aaa80000,0x00000007aeb00000)
  from space 10752K, 92% used [0x00000007af580000,0x00000007aff3d2d0,0x00000007b0000000)
  to   space 10752K, 0% used [0x00000007aeb00000,0x00000007aeb00000,0x00000007af580000)
 ParOldGen       total 174592K, used 54600K [0x0000000700000000, 0x000000070aa80000, 0x00000007aaa80000)
  object space 174592K, 31% used [0x0000000700000000,0x0000000703552368,0x000000070aa80000)
 PSPermGen       total 21504K, used 8997K [0x00000006fae00000, 0x00000006fc300000, 0x0000000700000000)
  object space 21504K, 41% used [0x00000006fae00000,0x00000006fb6c9760,0x00000006fc300000)
}
Event: 4.545 GC heap before
{Heap before GC invocations=3 (full 0):
 PSYoungGen      total 76800K, used 76020K [0x00000007aaa80000, 0x00000007b4080000, 0x0000000800000000)
  eden space 66048K, 100% used [0x00000007aaa80000,0x00000007aeb00000,0x00000007aeb00000)
  from space 10752K, 92% used [0x00000007af580000,0x00000007aff3d2d0,0x00000007b0000000)
  to   space 10752K, 0% used [0x00000007aeb00000,0x00000007aeb00000,0x00000007af580000)
 ParOldGen       total 174592K, used 54600K [0x0000000700000000, 0x000000070aa80000, 0x00000007aaa80000)
  object space 174592K, 31% used [0x0000000700000000,0x0000000703552368,0x000000070aa80000)
 PSPermGen       total 21504K, used 8997K [0x00000006fae00000, 0x00000006fc300000, 0x0000000700000000)
  object space 21504K, 41% used [0x00000006fae00000,0x00000006fb6c9760,0x00000006fc300000)
Event: 4.564 GC heap after
Heap after GC invocations=3 (full 0):
 PSYoungGen      total 76800K, used 9956K [0x00000007aaa80000, 0x00000007b4080000, 0x0000000800000000)
  eden space 66048K, 0% used [0x00000007aaa80000,0x00000007aaa80000,0x00000007aeb00000)
  from space 10752K, 92% used [0x00000007aeb00000,0x00000007af4b92c0,0x00000007af580000)
  to   space 10752K, 0% used [0x00000007b3600000,0x00000007b3600000,0x00000007b4080000)
 ParOldGen       total 174592K, used 83700K [0x0000000700000000, 0x000000070aa80000, 0x00000007aaa80000)
  object space 174592K, 47% used [0x0000000700000000,0x00000007051bd3e8,0x000000070aa80000)
 PSPermGen       total 21504K, used 8997K [0x00000006fae00000, 0x00000006fc300000, 0x0000000700000000)
  object space 21504K, 41% used [0x00000006fae00000,0x00000006fb6c9760,0x00000006fc300000)
}
Event: 4.923 GC heap before
{Heap before GC invocations=4 (full 0):
 PSYoungGen      total 76800K, used 76004K [0x00000007aaa80000, 0x00000007b4080000, 0x0000000800000000)
  eden space 66048K, 100% used [0x00000007aaa80000,0x00000007aeb00000,0x00000007aeb00000)
  from space 10752K, 92% used [0x00000007aeb00000,0x00000007af4b92c0,0x00000007af580000)
  to   space 10752K, 0% used [0x00000007b3600000,0x00000007b3600000,0x00000007b4080000)
 ParOldGen       total 174592K, used 83700K [0x0000000700000000, 0x000000070aa80000, 0x00000007aaa80000)
  object space 174592K, 47% used [0x0000000700000000,0x00000007051bd3e8,0x000000070aa80000)
 PSPermGen       total 21504K, used 9000K [0x00000006fae00000, 0x00000006fc300000, 0x0000000700000000)
  object space 21504K, 41% used [0x00000006fae00000,0x00000006fb6ca388,0x00000006fc300000)
Event: 4.936 GC heap after
Heap after GC invocations=4 (full 0):
 PSYoungGen      total 142848K, used 9966K [0x00000007aaa80000, 0x00000007b4080000, 0x0000000800000000)
  eden space 132096K, 0% used [0x00000007aaa80000,0x00000007aaa80000,0x00000007b2b80000)
  from space 10752K, 92% used [0x00000007b3600000,0x00000007b3fbb8b0,0x00000007b4080000)
  to   space 10752K, 0% used [0x00000007b2b80000,0x00000007b2b80000,0x00000007b3600000)
 ParOldGen       total 174592K, used 105526K [0x0000000700000000, 0x000000070aa80000, 0x00000007aaa80000)
  object space 174592K, 60% used [0x0000000700000000,0x000000070670d848,0x000000070aa80000)
 PSPermGen       total 21504K, used 9000K [0x00000006fae00000, 0x00000006fc300000, 0x0000000700000000)
  object space 21504K, 41% used [0x00000006fae00000,0x00000006fb6ca388,0x00000006fc300000)
}

